<?xml version="1.0" encoding="UTF-8"?>
<testng-results skipped="0" failed="0" ignored="0" total="1" passed="1">
  <reporter-output>
  </reporter-output>
  <suite name="Default suite" duration-ms="28718" started-at="2020-04-16T16:51:39 CDT" finished-at="2020-04-16T16:52:07 CDT">
    <groups>
    </groups>
    <test name="Default test" duration-ms="28718" started-at="2020-04-16T16:51:39 CDT" finished-at="2020-04-16T16:52:07 CDT">
      <class name="com.orbitz.test.VPTest">
        <test-method status="PASS" signature="setUpSuite()[pri:0, instance:com.orbitz.test.VPTest@50de0926]" name="setUpSuite" is-config="true" duration-ms="219" started-at="2020-04-16T16:51:38 CDT" finished-at="2020-04-16T16:51:39 CDT">
          <reporter-output>
          </reporter-output>
        </test-method> <!-- setUpSuite -->
        <test-method status="PASS" signature="setUp()[pri:0, instance:com.orbitz.test.VPTest@50de0926]" name="setUp" is-config="true" duration-ms="11310" started-at="2020-04-16T16:51:39 CDT" finished-at="2020-04-16T16:51:50 CDT">
          <reporter-output>
          </reporter-output>
        </test-method> <!-- setUp -->
        <test-method status="PASS" signature="VacPackageFlightSearchTest()[pri:0, instance:com.orbitz.test.VPTest@50de0926]" name="VacPackageFlightSearchTest" duration-ms="17343" started-at="2020-04-16T16:51:50 CDT" finished-at="2020-04-16T16:52:07 CDT">
          <reporter-output>
          </reporter-output>
        </test-method> <!-- VacPackageFlightSearchTest -->
        <test-method status="FAIL" signature="tearDown(org.testng.ITestResult)[pri:0, instance:com.orbitz.test.VPTest@50de0926]" name="tearDown" is-config="true" duration-ms="6" started-at="2020-04-16T16:52:07 CDT" finished-at="2020-04-16T16:52:07 CDT">
          <params>
            <param index="0">
              <value>
                <![CDATA[[TestResult name=VacPackageFlightSearchTest status=SUCCESS method=VPTest.VacPackageFlightSearchTest()[pri:0, instance:com.orbitz.test.VPTest@50de0926] output={null}]]]>
              </value>
            </param>
          </params>
          <exception class="java.lang.NullPointerException">
            <full-stacktrace>
              <![CDATA[java.lang.NullPointerException
at com.orbitz.test.TestBase.tearDown(TestBase.java:75)
at sun.reflect.NativeMethodAccessorImpl.invoke0(Native Method)
at sun.reflect.NativeMethodAccessorImpl.invoke(Unknown Source)
at sun.reflect.DelegatingMethodAccessorImpl.invoke(Unknown Source)
at java.lang.reflect.Method.invoke(Unknown Source)
at org.testng.internal.MethodInvocationHelper.invokeMethod(MethodInvocationHelper.java:133)
at org.testng.internal.MethodInvocationHelper.invokeMethodConsideringTimeout(MethodInvocationHelper.java:62)
at org.testng.internal.ConfigInvoker.invokeConfigurationMethod(ConfigInvoker.java:340)
at org.testng.internal.ConfigInvoker.invokeConfigurations(ConfigInvoker.java:294)
at org.testng.internal.TestInvoker.runConfigMethods(TestInvoker.java:683)
at org.testng.internal.TestInvoker.runAfterGroupsConfigurations(TestInvoker.java:658)
at org.testng.internal.TestInvoker.invokeMethod(TestInvoker.java:642)
at org.testng.internal.TestInvoker.invokeTestMethod(TestInvoker.java:172)
at org.testng.internal.MethodRunner.runInSequence(MethodRunner.java:46)
at org.testng.internal.TestInvoker$MethodInvocationAgent.invoke(TestInvoker.java:804)
at org.testng.internal.TestInvoker.invokeTestMethods(TestInvoker.java:145)
at org.testng.internal.TestMethodWorker.invokeTestMethods(TestMethodWorker.java:146)
at org.testng.internal.TestMethodWorker.run(TestMethodWorker.java:128)
at java.util.ArrayList.forEach(Unknown Source)
at org.testng.TestRunner.privateRun(TestRunner.java:770)
at org.testng.TestRunner.run(TestRunner.java:591)
at org.testng.SuiteRunner.runTest(SuiteRunner.java:402)
at org.testng.SuiteRunner.runSequentially(SuiteRunner.java:396)
at org.testng.SuiteRunner.privateRun(SuiteRunner.java:355)
at org.testng.SuiteRunner.run(SuiteRunner.java:304)
at org.testng.SuiteRunnerWorker.runSuite(SuiteRunnerWorker.java:53)
at org.testng.SuiteRunnerWorker.run(SuiteRunnerWorker.java:96)
at org.testng.TestNG.runSuitesSequentially(TestNG.java:1180)
at org.testng.TestNG.runSuitesLocally(TestNG.java:1102)
at org.testng.TestNG.runSuites(TestNG.java:1032)
at org.testng.TestNG.run(TestNG.java:1000)
at org.testng.remote.AbstractRemoteTestNG.run(AbstractRemoteTestNG.java:115)
at org.testng.remote.RemoteTestNG.initAndRun(RemoteTestNG.java:251)
at org.testng.remote.RemoteTestNG.main(RemoteTestNG.java:77)
]]>
            </full-stacktrace>
          </exception> <!-- java.lang.NullPointerException -->
          <reporter-output>
          </reporter-output>
        </test-method> <!-- tearDown -->
      </class> <!-- com.orbitz.test.VPTest -->
    </test> <!-- Default test -->
  </suite> <!-- Default suite -->
</testng-results>
